     1 00000000                                 ; hello-os
     2 00000000                                 ; TAB=4
     3 00000000                                 
     4                                          		ORG		0x7c00			; ?程序装?到 0x7c00位置 orginal
     5 00007C00                                                                 ; 0x00007c00-0x00007dff ：??区内容的装?地址
     6 00007C00                                 
     7 00007C00                                 ; 以下的?述用于?准FAT12格式的??
     8 00007C00                                 
     9 00007C00 EB 4E                           		JMP		entry
    10 00007C02 90                              		DB		0x90
    11 00007C03 48 45 4C 4C 4F 49 50 4C         		DB		"HELLOIPL"		; ??区的名称
    12 00007C0B 0200                            		DW		512				; ?个扇区的大小
    13 00007C0D 01                              		DB		1				; cluster的大小（必??一个扇区）
    14 00007C0E 0001                            		DW		1				; fat的起始位置 一般从第一个扇区?始
    15 00007C10 02                              		DB		2				; fat的个数 必??2
    16 00007C11 00E0                            		DW		224				; 根目?的大小 一般224?
    17 00007C13 0B40                            		DW		2880			; ?磁?的大小 必?是2880扇区
    18 00007C15 F0                              		DB		0xf0			; 磁?的?? 必?是0xf0
    19 00007C16 0009                            		DW		9				; fat的?度 必?是9扇区
    20 00007C18 0012                            		DW		18				; 一个磁道（track）有几个扇区 必?是18
    21 00007C1A 0002                            		DW		2				; 磁?数 必?是2
    22 00007C1C 00000000                        		DD		0				; 不使用分区 必?是0
    23 00007C20 00000B40                        		DD		2880			; 重写一次磁?大小
    24 00007C24 00 00 29                        		DB		0,0,0x29		; 固定
    25 00007C27 FFFFFFFF                        		DD		0xffffffff		; 卷?号?
    26 00007C2B 48 45 4C 4C 4F 2D 4F 53 20 20   		DB		"HELLO-OS   "	; 磁?的名称 11B
       00007C35 20 
    27 00007C36 46 41 54 31 32 20 20 20         		DB		"FAT12   "		; 磁?格式名称 8B
    28 00007C3E 00 00 00 00 00 00 00 00 00 00   		RESB	18				; 空出18B
       00007C48 00 00 00 00 00 00 00 00 
    29 00007C50                                 
    30 00007C50                                 ; 程序本体
    31 00007C50                                 
    32 00007C50                                 entry:
    33 00007C50 B8 0000                         		MOV		AX,0			; 初始化ax
    34 00007C53 8E D0                           		MOV		SS,AX
    35 00007C55 BC 7C00                         		MOV		SP,0x7c00
    36 00007C58 8E D8                           		MOV		DS,AX
    37 00007C5A                                 
    38 00007C5A                                 ; ディスクを読む
    39 00007C5A                                 
    40 00007C5A B8 0820                         		MOV		AX,0x0820
    41 00007C5D 8E C0                           		MOV		ES,AX
    42 00007C5F B5 00                           		MOV		CH,0			; 柱面 0
    43 00007C61 B6 00                           		MOV		DH,0			; 磁? 0
    44 00007C63 B1 02                           		MOV		CL,2			; 扇区 2
    45 00007C65                                 
    46 00007C65 B4 02                           		MOV		AH,0x02			; AH=0x02 ??
    47 00007C67 B0 01                           		MOV		AL,1			; 1个扇区
    48 00007C69 BB 0000                         		MOV		BX,0
    49 00007C6C B2 00                           		MOV		DL,0x00			; A??器
    50 00007C6E CD 13                           		INT		0x13			; ?用磁?BIOS
    51 00007C70 72 03                           		JC		error
    52 00007C72                                 
    53 00007C72                                 ; 読み終わったけどとりあえずやることないので寝る
    54 00007C72                                 
    55 00007C72                                 fin:
    56 00007C72 F4                              		HLT						; halt
    57 00007C73 EB FD                           		JMP		fin				; 跳到fin
    58 00007C75                                 
    59 00007C75                                 error:
    60 00007C75 BE 7C8A                         		MOV		SI,msg
    61 00007C78                                 putloop:
    62 00007C78 8A 04                           		MOV		AL,[SI]
    63 00007C7A 83 C6 01                        		ADD		SI,1		
    64 00007C7D 3C 00                           		CMP		AL,0
    65 00007C7F 74 F1                           		JE		fin
    66 00007C81 B4 0E                           		MOV		AH,0x0e			; ?示一个文字
    67 00007C83 BB 000F                         		MOV		BX,15			; 指定字符?色  
    68 00007C86 CD 10                           		INT		0x10			; ?用??bios
    69 00007C88 EB EE                           		JMP		putloop
    70 00007C8A                                 msg:
    71 00007C8A 0A 0A                           		DB		0x0a, 0x0a		
    72 00007C8C 6C 6F 61 64 20 65 72 72 6F 72   		DB		"load error"
    73 00007C96 0A                              		DB		0x0a			
    74 00007C97 00                              		DB		0
    75 00007C98                                 
    76 00007C98 00 00 00 00 00 00 00 00 00 00   		RESB	0x7dfe-$	
       00007CA2 00 00 00 00 00 00 00 00 00 00 
       00007CAC 00 00 00 00 00 00 00 00 00 00 
       00007CB6 00 00 00 00 00 00 00 00 00 00 
       00007CC0 00 00 00 00 00 00 00 00 00 00 
       00007CCA 00 00 00 00 00 00 00 00 00 00 
       00007CD4 00 00 00 00 00 00 00 00 00 00 
       00007CDE 00 00 00 00 00 00 00 00 00 00 
       00007CE8 00 00 00 00 00 00 00 00 00 00 
       00007CF2 00 00 00 00 00 00 00 00 00 00 
       00007CFC 00 00 00 00 00 00 00 00 00 00 
       00007D06 00 00 00 00 00 00 00 00 00 00 
       00007D10 00 00 00 00 00 00 00 00 00 00 
       00007D1A 00 00 00 00 00 00 00 00 00 00 
       00007D24 00 00 00 00 00 00 00 00 00 00 
       00007D2E 00 00 00 00 00 00 00 00 00 00 
       00007D38 00 00 00 00 00 00 00 00 00 00 
       00007D42 00 00 00 00 00 00 00 00 00 00 
       00007D4C 00 00 00 00 00 00 00 00 00 00 
       00007D56 00 00 00 00 00 00 00 00 00 00 
       00007D60 00 00 00 00 00 00 00 00 00 00 
       00007D6A 00 00 00 00 00 00 00 00 00 00 
       00007D74 00 00 00 00 00 00 00 00 00 00 
       00007D7E 00 00 00 00 00 00 00 00 00 00 
       00007D88 00 00 00 00 00 00 00 00 00 00 
       00007D92 00 00 00 00 00 00 00 00 00 00 
       00007D9C 00 00 00 00 00 00 00 00 00 00 
       00007DA6 00 00 00 00 00 00 00 00 00 00 
       00007DB0 00 00 00 00 00 00 00 00 00 00 
       00007DBA 00 00 00 00 00 00 00 00 00 00 
       00007DC4 00 00 00 00 00 00 00 00 00 00 
       00007DCE 00 00 00 00 00 00 00 00 00 00 
       00007DD8 00 00 00 00 00 00 00 00 00 00 
       00007DE2 00 00 00 00 00 00 00 00 00 00 
       00007DEC 00 00 00 00 00 00 00 00 00 00 
       00007DF6 00 00 00 00 00 00 00 00 
    77 00007DFE                                 
    78 00007DFE 55 AA                           		DB		0x55, 0xaa
